#
# There is insufficient memory for the Java Runtime Environment to continue.
# Native memory allocation (mmap) failed to map 96468992 bytes. Error detail: G1 virtual space
# Possible reasons:
#   The system is out of physical RAM or swap space
#   This process is running with CompressedOops enabled, and the Java Heap may be blocking the growth of the native heap
# Possible solutions:
#   Reduce memory load on the system
#   Increase physical memory or swap space
#   Check if swap backing store is full
#   Decrease Java heap size (-Xmx/-Xms)
#   Decrease number of Java threads
#   Decrease Java thread stack sizes (-Xss)
#   Set larger code cache with -XX:ReservedCodeCacheSize=
#   JVM is running with Zero Based Compressed Oops mode in which the Java heap is
#     placed in the first 32GB address space. The Java Heap base address is the
#     maximum limit for the native heap growth. Please use -XX:HeapBaseMinAddress
#     to set the Java Heap base and to place the Java Heap above 32GB virtual address.
# This output file may be truncated or incomplete.
#
#  Out of Memory Error (os_windows.cpp:3686), pid=10536, tid=16920
#
# JRE version: OpenJDK Runtime Environment Temurin-21.0.6+7 (21.0.6+7) (build 21.0.6+7-LTS)
# Java VM: OpenJDK 64-Bit Server VM Temurin-21.0.6+7 (21.0.6+7-LTS, mixed mode, emulated-client, sharing, tiered, compressed oops, compressed class ptrs, g1 gc, windows-amd64)
# No core dump will be written. Minidumps are not enabled by default on client versions of Windows
#

---------------  S U M M A R Y ------------

Command Line: -Dcom.sun.management.jmxremote -Dcom.sun.management.jmxremote.port=54075 -Dcom.sun.management.jmxremote.authenticate=false -Dcom.sun.management.jmxremote.ssl=false -Djava.rmi.server.hostname=localhost -Dspring.jmx.enabled=true -Dmanagement.endpoints.jmx.exposure.include=* -Dspring.application.admin.enabled=true -Dspring.output.ansi.enabled=always -XX:TieredStopAtLevel=1 -Dspring.boot.project.name=sport -Dfile.encoding=UTF-8 -Dstdout.encoding=UTF-8 -Dstderr.encoding=UTF-8 -XX:+ShowCodeDetailsInExceptionMessages com.example.sport.SportApplication

Host: Intel(R) Core(TM) i5-10400F CPU @ 2.90GHz, 12 cores, 15G,  Windows 11 , 64 bit Build 26100 (10.0.26100.3323)
Time: Mon Mar 24 00:18:12 2025 India Standard Time elapsed time: 19.502831 seconds (0d 0h 0m 19s)

---------------  T H R E A D  ---------------

Current thread (0x000001a7dc477770):  VMThread "VM Thread"          [id=16920, stack(0x0000008c37e00000,0x0000008c37f00000) (1024K)]

Stack: [0x0000008c37e00000,0x0000008c37f00000]
Native frames: (J=compiled Java code, j=interpreted, Vv=VM code, C=native code)
V  [jvm.dll+0x6cdee9]
V  [jvm.dll+0x8a83d1]
V  [jvm.dll+0x8aa8fe]
V  [jvm.dll+0x8aafe3]
V  [jvm.dll+0x27f706]
V  [jvm.dll+0x6ca755]
V  [jvm.dll+0x6bea3a]
V  [jvm.dll+0x355d6a]
V  [jvm.dll+0x35d936]
V  [jvm.dll+0x3af58e]
V  [jvm.dll+0x3af838]
V  [jvm.dll+0x329efc]
V  [jvm.dll+0x329f87]
V  [jvm.dll+0x36dd4c]
V  [jvm.dll+0x36c598]
V  [jvm.dll+0x3296c1]
V  [jvm.dll+0x36bc0a]
V  [jvm.dll+0x8b0cff]
V  [jvm.dll+0x8b2084]
V  [jvm.dll+0x8b25c0]
V  [jvm.dll+0x8b2863]
V  [jvm.dll+0x851f8b]
V  [jvm.dll+0x6cc5ed]
C  [ucrtbase.dll+0x37b0]
C  [KERNEL32.DLL+0x2e8d7]
C  [ntdll.dll+0xbbf6c]

VM_Operation (0x0000008c395fa760): G1CollectForAllocation, mode: safepoint, requested by thread 0x000001a7dc4c35b0


---------------  P R O C E S S  ---------------

Threads class SMR info:
_java_thread_list=0x000001a7e3e2ce70, length=25, elements={
0x000001a7cd1f16d0, 0x000001a7dc495030, 0x000001a7dc495690, 0x000001a7dc49c040,
0x000001a7dc49c6a0, 0x000001a7dc4ac540, 0x000001a7dc4c5d10, 0x000001a7dc4ae8f0,
0x000001a7dc4c2890, 0x000001a7dc5530d0, 0x000001a7dc4c4ff0, 0x000001a7dc4c42d0,
0x000001a7dc4c5680, 0x000001a7dc4c2f20, 0x000001a7dc4c4960, 0x000001a7dc4c35b0,
0x000001a7dc4c3c40, 0x000001a7e19135b0, 0x000001a7e1913c40, 0x000001a7e1912f20,
0x000001a7e1912200, 0x000001a7e19142d0, 0x000001a7e1910e50, 0x000001a7e1914960,
0x000001a7e19114e0
}

Java Threads: ( => current thread )
  0x000001a7cd1f16d0 JavaThread "main"                              [_thread_blocked, id=14764, stack(0x0000008c37700000,0x0000008c37800000) (1024K)]
  0x000001a7dc495030 JavaThread "Reference Handler"          daemon [_thread_blocked, id=8172, stack(0x0000008c37f00000,0x0000008c38000000) (1024K)]
  0x000001a7dc495690 JavaThread "Finalizer"                  daemon [_thread_blocked, id=20228, stack(0x0000008c38000000,0x0000008c38100000) (1024K)]
  0x000001a7dc49c040 JavaThread "Signal Dispatcher"          daemon [_thread_blocked, id=4524, stack(0x0000008c38100000,0x0000008c38200000) (1024K)]
  0x000001a7dc49c6a0 JavaThread "Attach Listener"            daemon [_thread_blocked, id=1156, stack(0x0000008c38200000,0x0000008c38300000) (1024K)]
  0x000001a7dc4ac540 JavaThread "Service Thread"             daemon [_thread_blocked, id=19236, stack(0x0000008c38300000,0x0000008c38400000) (1024K)]
  0x000001a7dc4c5d10 JavaThread "Monitor Deflation Thread"   daemon [_thread_blocked, id=15212, stack(0x0000008c38400000,0x0000008c38500000) (1024K)]
  0x000001a7dc4ae8f0 JavaThread "C1 CompilerThread0"         daemon [_thread_blocked, id=20416, stack(0x0000008c38500000,0x0000008c38600000) (1024K)]
  0x000001a7dc4c2890 JavaThread "Common-Cleaner"             daemon [_thread_blocked, id=16492, stack(0x0000008c38600000,0x0000008c38700000) (1024K)]
  0x000001a7dc5530d0 JavaThread "C1 CompilerThread1"         daemon [_thread_blocked, id=20452, stack(0x0000008c38700000,0x0000008c38800000) (1024K)]
  0x000001a7dc4c4ff0 JavaThread "Notification Thread"        daemon [_thread_blocked, id=17636, stack(0x0000008c38900000,0x0000008c38a00000) (1024K)]
  0x000001a7dc4c42d0 JavaThread "RMI TCP Accept-0"           daemon [_thread_in_native, id=20068, stack(0x0000008c38800000,0x0000008c38900000) (1024K)]
  0x000001a7dc4c5680 JavaThread "RMI TCP Accept-54075"       daemon [_thread_in_native, id=9348, stack(0x0000008c38a00000,0x0000008c38b00000) (1024K)]
  0x000001a7dc4c2f20 JavaThread "RMI TCP Accept-0"           daemon [_thread_in_native, id=18500, stack(0x0000008c38b00000,0x0000008c38c00000) (1024K)]
  0x000001a7dc4c4960 JavaThread "Thread-0"                          [_thread_blocked, id=6596, stack(0x0000008c39400000,0x0000008c39500000) (1024K)]
  0x000001a7dc4c35b0 JavaThread "restartedMain"                     [_thread_blocked, id=9232, stack(0x0000008c39500000,0x0000008c39600000) (1024K)]
  0x000001a7dc4c3c40 JavaThread "RMI TCP Connection(1)-127.0.0.1" daemon [_thread_in_native, id=15124, stack(0x0000008c39600000,0x0000008c39700000) (1024K)]
  0x000001a7e19135b0 JavaThread "RMI Scheduler(0)"           daemon [_thread_blocked, id=14624, stack(0x0000008c39700000,0x0000008c39800000) (1024K)]
  0x000001a7e1913c40 JavaThread "RMI TCP Connection(2)-127.0.0.1" daemon [_thread_blocked, id=15356, stack(0x0000008c39800000,0x0000008c39900000) (1024K)]
  0x000001a7e1912f20 JavaThread "JMX server connection timeout 38" daemon [_thread_blocked, id=18860, stack(0x0000008c39900000,0x0000008c39a00000) (1024K)]
  0x000001a7e1912200 JavaThread "Catalina-utility-1"                [_thread_blocked, id=16908, stack(0x0000008c39c00000,0x0000008c39d00000) (1024K)]
  0x000001a7e19142d0 JavaThread "Catalina-utility-2"                [_thread_blocked, id=12740, stack(0x0000008c3a000000,0x0000008c3a100000) (1024K)]
  0x000001a7e1910e50 JavaThread "container-0"                       [_thread_blocked, id=4560, stack(0x0000008c3a100000,0x0000008c3a200000) (1024K)]
  0x000001a7e1914960 JavaThread "mysql-cj-abandoned-connection-cleanup" daemon [_thread_blocked, id=6348, stack(0x0000008c3a200000,0x0000008c3a300000) (1024K)]
  0x000001a7e19114e0 JavaThread "HikariPool-1 housekeeper"   daemon [_thread_blocked, id=8204, stack(0x0000008c3a400000,0x0000008c3a500000) (1024K)]
Total: 25

Other Threads:
=>0x000001a7dc477770 VMThread "VM Thread"                           [id=16920, stack(0x0000008c37e00000,0x0000008c37f00000) (1024K)]
  0x000001a7dc464b20 WatcherThread "VM Periodic Task Thread"        [id=19132, stack(0x0000008c37d00000,0x0000008c37e00000) (1024K)]
  0x000001a7cd25a2b0 WorkerThread "GC Thread#0"                     [id=15944, stack(0x0000008c37800000,0x0000008c37900000) (1024K)]
  0x000001a7e136a120 WorkerThread "GC Thread#1"                     [id=12248, stack(0x0000008c38c00000,0x0000008c38d00000) (1024K)]
  0x000001a7e136a4c0 WorkerThread "GC Thread#2"                     [id=2780, stack(0x0000008c38d00000,0x0000008c38e00000) (1024K)]
  0x000001a7e136a860 WorkerThread "GC Thread#3"                     [id=15540, stack(0x0000008c38e00000,0x0000008c38f00000) (1024K)]
  0x000001a7e135ab10 WorkerThread "GC Thread#4"                     [id=20236, stack(0x0000008c38f00000,0x0000008c39000000) (1024K)]
  0x000001a7e135aeb0 WorkerThread "GC Thread#5"                     [id=12788, stack(0x0000008c39000000,0x0000008c39100000) (1024K)]
  0x000001a7e13c8b10 WorkerThread "GC Thread#6"                     [id=19576, stack(0x0000008c39100000,0x0000008c39200000) (1024K)]
  0x000001a7e13e6180 WorkerThread "GC Thread#7"                     [id=9960, stack(0x0000008c39200000,0x0000008c39300000) (1024K)]
  0x000001a7e1a7f700 WorkerThread "GC Thread#8"                     [id=9800, stack(0x0000008c39a00000,0x0000008c39b00000) (1024K)]
  0x000001a7e1a7faa0 WorkerThread "GC Thread#9"                     [id=8560, stack(0x0000008c39b00000,0x0000008c39c00000) (1024K)]
  0x000001a7cd26b210 ConcurrentGCThread "G1 Main Marker"            [id=19588, stack(0x0000008c37900000,0x0000008c37a00000) (1024K)]
  0x000001a7cd26df90 WorkerThread "G1 Conc#0"                       [id=19016, stack(0x0000008c37a00000,0x0000008c37b00000) (1024K)]
  0x000001a7e1a8ca00 WorkerThread "G1 Conc#1"                       [id=8848, stack(0x0000008c39e00000,0x0000008c39f00000) (1024K)]
  0x000001a7e1a8c660 WorkerThread "G1 Conc#2"                       [id=3988, stack(0x0000008c39f00000,0x0000008c3a000000) (1024K)]
  0x000001a7dc32a630 ConcurrentGCThread "G1 Refine#0"               [id=9360, stack(0x0000008c37b00000,0x0000008c37c00000) (1024K)]
  0x000001a7dc32ab60 ConcurrentGCThread "G1 Service"                [id=18720, stack(0x0000008c37c00000,0x0000008c37d00000) (1024K)]
Total: 18

Threads with active compile tasks:
Total: 0

VM state: at safepoint (normal execution)

VM Mutex/Monitor currently owned by a thread:  ([mutex/lock_event])
[0x00007ff9c455e380] Threads_lock - owner thread: 0x000001a7dc477770
[0x00007ff9c455e480] Heap_lock - owner thread: 0x000001a7dc4c35b0

Heap address: 0x0000000700e00000, size: 4082 MB, Compressed Oops mode: Zero based, Oop shift amount: 3

CDS archive(s) mapped at: [0x000001a780000000-0x000001a780c80000-0x000001a780c80000), size 13107200, SharedBaseAddress: 0x000001a780000000, ArchiveRelocationMode: 1.
Compressed class space mapped at: 0x000001a781000000-0x000001a7c1000000, reserved size: 1073741824
Narrow klass base: 0x000001a780000000, Narrow klass shift: 0, Narrow klass range: 0x100000000

GC Precious Log:
 CardTable entry size: 512
 Card Set container configuration: InlinePtr #cards 4 size 8 Array Of Cards #cards 16 size 48 Howl #buckets 8 coarsen threshold 3686 Howl Bitmap #cards 512 size 80 coarsen threshold 460 Card regions per heap region 1 cards per card region 4096
 CPUs: 12 total, 12 available
 Memory: 16322M
 Large Page Support: Disabled
 NUMA Support: Disabled
 Compressed Oops: Enabled (Zero based)
 Heap Region Size: 2M
 Heap Min Capacity: 8M
 Heap Initial Capacity: 256M
 Heap Max Capacity: 4082M
 Pre-touch: Disabled
 Parallel Workers: 10
 Concurrent Workers: 3
 Concurrent Refinement Workers: 10
 Periodic GC: Disabled

Heap:
 garbage-first heap   total 110592K, used 72363K [0x0000000700e00000, 0x0000000800000000)
  region size 2048K, 3 young (6144K), 3 survivors (6144K)
 Metaspace       used 72755K, committed 73536K, reserved 1114112K
  class space    used 10455K, committed 10816K, reserved 1048576K

Heap Regions: E=young(eden), S=young(survivor), O=old, HS=humongous(starts), HC=humongous(continues), CS=collection set, F=free, TAMS=top-at-mark-start, PB=parsable bottom
|   0|0x0000000700e00000, 0x0000000701000000, 0x0000000701000000|100%| O|  |TAMS 0x0000000701000000| PB 0x0000000700e00000| Untracked 
|   1|0x0000000701000000, 0x0000000701200000, 0x0000000701200000|100%| O|  |TAMS 0x0000000701200000| PB 0x0000000701000000| Untracked 
|   2|0x0000000701200000, 0x0000000701400000, 0x0000000701400000|100%| O|  |TAMS 0x0000000701400000| PB 0x0000000701200000| Untracked 
|   3|0x0000000701400000, 0x00000007015e0748, 0x0000000701600000| 93%| O|  |TAMS 0x00000007015e0748| PB 0x0000000701400000| Untracked 
|   4|0x0000000701600000, 0x0000000701800000, 0x0000000701800000|100%| O|  |TAMS 0x0000000701800000| PB 0x0000000701600000| Untracked 
|   5|0x0000000701800000, 0x0000000701a00000, 0x0000000701a00000|100%| O|  |TAMS 0x0000000701a00000| PB 0x0000000701800000| Untracked 
|   6|0x0000000701a00000, 0x0000000701c00000, 0x0000000701c00000|100%| O|  |TAMS 0x0000000701c00000| PB 0x0000000701a00000| Untracked 
|   7|0x0000000701c00000, 0x0000000701e00000, 0x0000000701e00000|100%| O|  |TAMS 0x0000000701e00000| PB 0x0000000701c00000| Untracked 
|   8|0x0000000701e00000, 0x0000000702000000, 0x0000000702000000|100%| O|  |TAMS 0x0000000702000000| PB 0x0000000701e00000| Untracked 
|   9|0x0000000702000000, 0x0000000702200000, 0x0000000702200000|100%| O|  |TAMS 0x0000000702200000| PB 0x0000000702000000| Untracked 
|  10|0x0000000702200000, 0x0000000702400000, 0x0000000702400000|100%| O|  |TAMS 0x0000000702400000| PB 0x0000000702200000| Untracked 
|  11|0x0000000702400000, 0x0000000702600000, 0x0000000702600000|100%| O|  |TAMS 0x0000000702600000| PB 0x0000000702400000| Untracked 
|  12|0x0000000702600000, 0x0000000702800000, 0x0000000702800000|100%| O|  |TAMS 0x0000000702800000| PB 0x0000000702600000| Untracked 
|  13|0x0000000702800000, 0x0000000702a00000, 0x0000000702a00000|100%| O|  |TAMS 0x0000000702a00000| PB 0x0000000702800000| Untracked 
|  14|0x0000000702a00000, 0x0000000702c00000, 0x0000000702c00000|100%| O|  |TAMS 0x0000000702c00000| PB 0x0000000702a00000| Untracked 
|  15|0x0000000702c00000, 0x0000000702e00000, 0x0000000702e00000|100%| O|  |TAMS 0x0000000702e00000| PB 0x0000000702c00000| Untracked 
|  16|0x0000000702e00000, 0x0000000703000000, 0x0000000703000000|100%| O|  |TAMS 0x0000000703000000| PB 0x0000000702e00000| Untracked 
|  17|0x0000000703000000, 0x0000000703200000, 0x0000000703200000|100%| O|  |TAMS 0x0000000703200000| PB 0x0000000703000000| Untracked 
|  18|0x0000000703200000, 0x0000000703400000, 0x0000000703400000|100%| O|  |TAMS 0x0000000703400000| PB 0x0000000703200000| Untracked 
|  19|0x0000000703400000, 0x0000000703600000, 0x0000000703600000|100%| O|  |TAMS 0x0000000703600000| PB 0x0000000703400000| Untracked 
|  20|0x0000000703600000, 0x0000000703800000, 0x0000000703800000|100%| O|  |TAMS 0x0000000703800000| PB 0x0000000703600000| Untracked 
|  21|0x0000000703800000, 0x0000000703a00000, 0x0000000703a00000|100%| O|  |TAMS 0x0000000703a00000| PB 0x0000000703800000| Untracked 
|  22|0x0000000703a00000, 0x0000000703c00000, 0x0000000703c00000|100%| O|  |TAMS 0x0000000703c00000| PB 0x0000000703a00000| Untracked 
|  23|0x0000000703c00000, 0x0000000703e00000, 0x0000000703e00000|100%| O|  |TAMS 0x0000000703e00000| PB 0x0000000703c00000| Untracked 
|  24|0x0000000703e00000, 0x0000000704000000, 0x0000000704000000|100%| O|  |TAMS 0x0000000704000000| PB 0x0000000703e00000| Untracked 
|  25|0x0000000704000000, 0x0000000704200000, 0x0000000704200000|100%| O|  |TAMS 0x0000000704200000| PB 0x0000000704000000| Untracked 
|  26|0x0000000704200000, 0x0000000704400000, 0x0000000704400000|100%| O|  |TAMS 0x0000000704400000| PB 0x0000000704200000| Untracked 
|  27|0x0000000704400000, 0x0000000704600000, 0x0000000704600000|100%| O|  |TAMS 0x0000000704400000| PB 0x0000000704400000| Untracked 
|  28|0x0000000704600000, 0x0000000704800000, 0x0000000704800000|100%| O|  |TAMS 0x0000000704600000| PB 0x0000000704600000| Untracked 
|  29|0x0000000704800000, 0x0000000704a00000, 0x0000000704a00000|100%| O|  |TAMS 0x0000000704800000| PB 0x0000000704800000| Untracked 
|  30|0x0000000704a00000, 0x0000000704c00000, 0x0000000704c00000|100%| S|CS|TAMS 0x0000000704a00000| PB 0x0000000704a00000| Complete 
|  31|0x0000000704c00000, 0x0000000704c00000, 0x0000000704e00000|  0%| F|  |TAMS 0x0000000704c00000| PB 0x0000000704c00000| Untracked 
|  32|0x0000000704e00000, 0x0000000704e00000, 0x0000000705000000|  0%| F|  |TAMS 0x0000000704e00000| PB 0x0000000704e00000| Untracked 
|  33|0x0000000705000000, 0x0000000705200000, 0x0000000705200000|100%| S|CS|TAMS 0x0000000705000000| PB 0x0000000705000000| Complete 
|  34|0x0000000705200000, 0x0000000705400000, 0x0000000705400000|100%| S|CS|TAMS 0x0000000705200000| PB 0x0000000705200000| Complete 
|  35|0x0000000705400000, 0x0000000705400000, 0x0000000705600000|  0%| F|  |TAMS 0x0000000705400000| PB 0x0000000705400000| Untracked 
|  36|0x0000000705600000, 0x0000000705600000, 0x0000000705800000|  0%| F|  |TAMS 0x0000000705600000| PB 0x0000000705600000| Untracked 
|  37|0x0000000705800000, 0x0000000705800000, 0x0000000705a00000|  0%| F|  |TAMS 0x0000000705800000| PB 0x0000000705800000| Untracked 
|  38|0x0000000705a00000, 0x0000000705a00000, 0x0000000705c00000|  0%| F|  |TAMS 0x0000000705a00000| PB 0x0000000705a00000| Untracked 
|  39|0x0000000705c00000, 0x0000000705c00000, 0x0000000705e00000|  0%| F|  |TAMS 0x0000000705c00000| PB 0x0000000705c00000| Untracked 
|  40|0x0000000705e00000, 0x0000000705e00000, 0x0000000706000000|  0%| F|  |TAMS 0x0000000705e00000| PB 0x0000000705e00000| Untracked 
|  41|0x0000000706000000, 0x0000000706000000, 0x0000000706200000|  0%| F|  |TAMS 0x0000000706000000| PB 0x0000000706000000| Untracked 
|  42|0x0000000706200000, 0x0000000706200000, 0x0000000706400000|  0%| F|  |TAMS 0x0000000706200000| PB 0x0000000706200000| Untracked 
|  43|0x0000000706400000, 0x0000000706400000, 0x0000000706600000|  0%| F|  |TAMS 0x0000000706400000| PB 0x0000000706400000| Untracked 
|  44|0x0000000706600000, 0x0000000706600000, 0x0000000706800000|  0%| F|  |TAMS 0x0000000706600000| PB 0x0000000706600000| Untracked 
|  45|0x0000000706800000, 0x0000000706800000, 0x0000000706a00000|  0%| F|  |TAMS 0x0000000706800000| PB 0x0000000706800000| Untracked 
|  99|0x000000070d400000, 0x000000070d400000, 0x000000070d600000|  0%| F|  |TAMS 0x000000070d400000| PB 0x000000070d400000| Untracked 
| 100|0x000000070d600000, 0x000000070d600000, 0x000000070d800000|  0%| F|  |TAMS 0x000000070d600000| PB 0x000000070d600000| Untracked 
| 101|0x000000070d800000, 0x000000070d800000, 0x000000070da00000|  0%| F|  |TAMS 0x000000070d800000| PB 0x000000070d800000| Untracked 
| 127|0x0000000710c00000, 0x0000000710c00000, 0x0000000710e00000|  0%| F|  |TAMS 0x0000000710c00000| PB 0x0000000710c00000| Untracked 
|2037|0x00000007ff800000, 0x00000007ff8ca4e0, 0x00000007ffa00000| 39%| O|  |TAMS 0x00000007ff800000| PB 0x00000007ff800000| Untracked 
|2038|0x00000007ffa00000, 0x00000007ffc00000, 0x00000007ffc00000|100%| O|  |TAMS 0x00000007ffa00000| PB 0x00000007ffa00000| Untracked 
|2039|0x00000007ffc00000, 0x00000007ffc00000, 0x00000007ffe00000|  0%| F|  |TAMS 0x00000007ffc00000| PB 0x00000007ffc00000| Untracked 
|2040|0x00000007ffe00000, 0x0000000800000000, 0x0000000800000000|100%| O|  |TAMS 0x0000000800000000| PB 0x00000007ffe00000| Untracked 

Card table byte_map: [0x000001a7d4fb0000,0x000001a7d57b0000] _byte_map_base: 0x000001a7d17a9000

Marking Bits: (CMBitMap*) 0x000001a7cd25a8c0
 Bits: [0x000001a7d57b0000, 0x000001a7d9778000)

Polling page: 0x000001a7d0c90000

Metaspace:

Usage:
  Non-class:     60.84 MB used.
      Class:     10.21 MB used.
       Both:     71.05 MB used.

Virtual space:
  Non-class space:       64.00 MB reserved,      61.25 MB ( 96%) committed,  1 nodes.
      Class space:        1.00 GB reserved,      10.56 MB (  1%) committed,  1 nodes.
             Both:        1.06 GB reserved,      71.81 MB (  7%) committed. 

Chunk freelists:
   Non-Class:  2.66 MB
       Class:  5.47 MB
        Both:  8.13 MB

MaxMetaspaceSize: unlimited
CompressedClassSpaceSize: 1.00 GB
Initial GC threshold: 21.00 MB
Current GC threshold: 119.69 MB
CDS: on
 - commit_granule_bytes: 65536.
 - commit_granule_words: 8192.
 - virtual_space_node_default_size: 8388608.
 - enlarge_chunks_in_place: 1.
 - use_allocation_guard: 0.


Internal statistics:

num_allocs_failed_limit: 14.
num_arena_births: 976.
num_arena_deaths: 2.
num_vsnodes_births: 2.
num_vsnodes_deaths: 0.
num_space_committed: 1149.
num_space_uncommitted: 0.
num_chunks_returned_to_freelist: 17.
num_chunks_taken_from_freelist: 3431.
num_chunk_merges: 14.
num_chunk_splits: 2556.
num_chunks_enlarged: 2008.
num_inconsistent_stats: 0.

CodeCache: size=49152Kb used=11844Kb max_used=13605Kb free=37307Kb
 bounds [0x000001a7d0cb0000, 0x000001a7d1a00000, 0x000001a7d3cb0000]
 total_blobs=6981 nmethods=6241 adapters=662
 compilation: enabled
              stopped_count=0, restarted_count=0
 full_count=0

Compilation events (20 events):
Event: 16.188 Thread 0x000001a7dc4ae8f0 6946       1       org.antlr.v4.runtime.RuleContext::getParent (5 bytes)
Event: 16.188 Thread 0x000001a7dc5530d0 6947       1       org.antlr.v4.runtime.tree.TerminalNodeImpl::accept (8 bytes)
Event: 16.188 Thread 0x000001a7dc4ae8f0 nmethod 6946 0x000001a7d180c610 code [0x000001a7d180c7a0, 0x000001a7d180c870]
Event: 16.188 Thread 0x000001a7dc4ae8f0 6948       1       org.antlr.v4.runtime.tree.AbstractParseTreeVisitor::visitTerminal (5 bytes)
Event: 16.188 Thread 0x000001a7dc5530d0 nmethod 6947 0x000001a7d1612890 code [0x000001a7d1612a40, 0x000001a7d1612b38]
Event: 16.188 Thread 0x000001a7dc4ae8f0 nmethod 6948 0x000001a7d176ca90 code [0x000001a7d176cc20, 0x000001a7d176ccf0]
Event: 16.205 Thread 0x000001a7dc4ae8f0 6949       1       org.antlr.v4.runtime.misc.FlexibleHashMap::<init> (60 bytes)
Event: 16.206 Thread 0x000001a7dc4ae8f0 nmethod 6949 0x000001a7d17a3490 code [0x000001a7d17a3680, 0x000001a7d17a3940]
Event: 16.218 Thread 0x000001a7dc4ae8f0 6950       1       org.antlr.v4.runtime.atn.PredictionMode::allConfigsInRuleStopStates (41 bytes)
Event: 16.218 Thread 0x000001a7dc4ae8f0 nmethod 6950 0x000001a7d10cad90 code [0x000001a7d10caf60, 0x000001a7d10cb218]
Event: 16.306 Thread 0x000001a7dc4ae8f0 6951   !   1       org.antlr.v4.runtime.atn.LexerActionExecutor::execute (166 bytes)
Event: 16.306 Thread 0x000001a7dc4ae8f0 nmethod 6951 0x000001a7d176fa90 code [0x000001a7d176fc80, 0x000001a7d17701a0]
Event: 16.361 Thread 0x000001a7dc4ae8f0 6952       1       org.antlr.v4.runtime.atn.PredictionMode::hasSLLConflictTerminatingPrediction (109 bytes)
Event: 16.361 Thread 0x000001a7dc4ae8f0 nmethod 6952 0x000001a7d0e9b310 code [0x000001a7d0e9b540, 0x000001a7d0e9ba40]
Event: 16.375 Thread 0x000001a7dc4ae8f0 6953       1       org.antlr.v4.runtime.atn.LexerSkipAction::isPositionDependent (2 bytes)
Event: 16.375 Thread 0x000001a7dc4ae8f0 nmethod 6953 0x000001a7d17a3190 code [0x000001a7d17a3320, 0x000001a7d17a33e8]
Event: 16.421 Thread 0x000001a7dc5530d0 6955       1       java.io.ObjectInputStream$BlockDataInputStream::peek (55 bytes)
Event: 16.421 Thread 0x000001a7dc4ae8f0 6954       1       java.io.ObjectInputStream$BlockDataInputStream::peekByte (20 bytes)
Event: 16.421 Thread 0x000001a7dc4ae8f0 nmethod 6954 0x000001a7d176c610 code [0x000001a7d176c7c0, 0x000001a7d176c960]
Event: 16.422 Thread 0x000001a7dc5530d0 nmethod 6955 0x000001a7d172a890 code [0x000001a7d172aa60, 0x000001a7d172ac40]

GC Heap History (20 events):
Event: 11.715 GC heap after
{Heap after GC invocations=14 (full 0):
 garbage-first heap   total 155648K, used 28492K [0x0000000700e00000, 0x0000000800000000)
  region size 2048K, 3 young (6144K), 3 survivors (6144K)
 Metaspace       used 60155K, committed 60736K, reserved 1114112K
  class space    used 8384K, committed 8640K, reserved 1048576K
}
Event: 13.204 GC heap before
{Heap before GC invocations=15 (full 0):
 garbage-first heap   total 102400K, used 83788K [0x0000000700e00000, 0x0000000800000000)
  region size 2048K, 30 young (61440K), 3 survivors (6144K)
 Metaspace       used 68979K, committed 69696K, reserved 1114112K
  class space    used 9806K, committed 10112K, reserved 1048576K
}
Event: 13.209 GC heap after
{Heap after GC invocations=16 (full 0):
 garbage-first heap   total 102400K, used 32549K [0x0000000700e00000, 0x0000000800000000)
  region size 2048K, 3 young (6144K), 3 survivors (6144K)
 Metaspace       used 68979K, committed 69696K, reserved 1114112K
  class space    used 9806K, committed 10112K, reserved 1048576K
}
Event: 14.624 GC heap before
{Heap before GC invocations=16 (full 0):
 garbage-first heap   total 102400K, used 85797K [0x0000000700e00000, 0x0000000800000000)
  region size 2048K, 29 young (59392K), 3 survivors (6144K)
 Metaspace       used 72312K, committed 73024K, reserved 1114112K
  class space    used 10393K, committed 10688K, reserved 1048576K
}
Event: 14.628 GC heap after
{Heap after GC invocations=17 (full 0):
 garbage-first heap   total 102400K, used 35103K [0x0000000700e00000, 0x0000000800000000)
  region size 2048K, 4 young (8192K), 4 survivors (8192K)
 Metaspace       used 72312K, committed 73024K, reserved 1114112K
  class space    used 10393K, committed 10688K, reserved 1048576K
}
Event: 15.935 GC heap before
{Heap before GC invocations=17 (full 0):
 garbage-first heap   total 102400K, used 86303K [0x0000000700e00000, 0x0000000800000000)
  region size 2048K, 29 young (59392K), 4 survivors (8192K)
 Metaspace       used 72753K, committed 73536K, reserved 1114112K
  class space    used 10454K, committed 10816K, reserved 1048576K
}
Event: 15.939 GC heap after
{Heap after GC invocations=18 (full 0):
 garbage-first heap   total 102400K, used 39213K [0x0000000700e00000, 0x0000000800000000)
  region size 2048K, 4 young (8192K), 4 survivors (8192K)
 Metaspace       used 72753K, committed 73536K, reserved 1114112K
  class space    used 10454K, committed 10816K, reserved 1048576K
}
Event: 16.045 GC heap before
{Heap before GC invocations=18 (full 0):
 garbage-first heap   total 102400K, used 84269K [0x0000000700e00000, 0x0000000800000000)
  region size 2048K, 27 young (55296K), 4 survivors (8192K)
 Metaspace       used 72756K, committed 73536K, reserved 1114112K
  class space    used 10454K, committed 10816K, reserved 1048576K
}
Event: 16.047 GC heap after
{Heap after GC invocations=19 (full 0):
 garbage-first heap   total 102400K, used 37029K [0x0000000700e00000, 0x0000000800000000)
  region size 2048K, 2 young (4096K), 2 survivors (4096K)
 Metaspace       used 72756K, committed 73536K, reserved 1114112K
  class space    used 10454K, committed 10816K, reserved 1048576K
}
Event: 16.341 GC heap before
{Heap before GC invocations=20 (full 0):
 garbage-first heap   total 102400K, used 88229K [0x0000000700e00000, 0x0000000800000000)
  region size 2048K, 27 young (55296K), 2 survivors (4096K)
 Metaspace       used 72759K, committed 73536K, reserved 1114112K
  class space    used 10456K, committed 10816K, reserved 1048576K
}
Event: 16.345 GC heap after
{Heap after GC invocations=21 (full 0):
 garbage-first heap   total 102400K, used 43403K [0x0000000700e00000, 0x0000000800000000)
  region size 2048K, 4 young (8192K), 4 survivors (8192K)
 Metaspace       used 72759K, committed 73536K, reserved 1114112K
  class space    used 10456K, committed 10816K, reserved 1048576K
}
Event: 16.497 GC heap before
{Heap before GC invocations=21 (full 0):
 garbage-first heap   total 102400K, used 86411K [0x0000000700e00000, 0x0000000800000000)
  region size 2048K, 25 young (51200K), 4 survivors (8192K)
 Metaspace       used 72759K, committed 73536K, reserved 1114112K
  class space    used 10456K, committed 10816K, reserved 1048576K
}
Event: 16.535 GC heap after
{Heap after GC invocations=22 (full 0):
 garbage-first heap   total 106496K, used 52837K [0x0000000700e00000, 0x0000000800000000)
  region size 2048K, 4 young (8192K), 4 survivors (8192K)
 Metaspace       used 72759K, committed 73536K, reserved 1114112K
  class space    used 10456K, committed 10816K, reserved 1048576K
}
Event: 16.640 GC heap before
{Heap before GC invocations=22 (full 0):
 garbage-first heap   total 106496K, used 89701K [0x0000000700e00000, 0x0000000800000000)
  region size 2048K, 22 young (45056K), 4 survivors (8192K)
 Metaspace       used 72759K, committed 73536K, reserved 1114112K
  class space    used 10456K, committed 10816K, reserved 1048576K
}
Event: 16.644 GC heap after
{Heap after GC invocations=23 (full 0):
 garbage-first heap   total 106496K, used 58658K [0x0000000700e00000, 0x0000000800000000)
  region size 2048K, 3 young (6144K), 3 survivors (6144K)
 Metaspace       used 72759K, committed 73536K, reserved 1114112K
  class space    used 10456K, committed 10816K, reserved 1048576K
}
Event: 16.725 GC heap before
{Heap before GC invocations=24 (full 0):
 garbage-first heap   total 106496K, used 89378K [0x0000000700e00000, 0x0000000800000000)
  region size 2048K, 18 young (36864K), 3 survivors (6144K)
 Metaspace       used 72755K, committed 73536K, reserved 1114112K
  class space    used 10455K, committed 10816K, reserved 1048576K
}
Event: 16.727 GC heap after
{Heap after GC invocations=25 (full 0):
 garbage-first heap   total 106496K, used 60334K [0x0000000700e00000, 0x0000000800000000)
  region size 2048K, 2 young (4096K), 2 survivors (4096K)
 Metaspace       used 72755K, committed 73536K, reserved 1114112K
  class space    used 10455K, committed 10816K, reserved 1048576K
}
Event: 16.780 GC heap before
{Heap before GC invocations=25 (full 0):
 garbage-first heap   total 106496K, used 91054K [0x0000000700e00000, 0x0000000800000000)
  region size 2048K, 17 young (34816K), 2 survivors (4096K)
 Metaspace       used 72755K, committed 73536K, reserved 1114112K
  class space    used 10455K, committed 10816K, reserved 1048576K
}
Event: 16.782 GC heap after
{Heap after GC invocations=26 (full 0):
 garbage-first heap   total 106496K, used 59956K [0x0000000700e00000, 0x0000000800000000)
  region size 2048K, 2 young (4096K), 2 survivors (4096K)
 Metaspace       used 72755K, committed 73536K, reserved 1114112K
  class space    used 10455K, committed 10816K, reserved 1048576K
}
Event: 16.840 GC heap before
{Heap before GC invocations=26 (full 0):
 garbage-first heap   total 106496K, used 92724K [0x0000000700e00000, 0x0000000800000000)
  region size 2048K, 18 young (36864K), 2 survivors (4096K)
 Metaspace       used 72755K, committed 73536K, reserved 1114112K
  class space    used 10455K, committed 10816K, reserved 1048576K
}

Dll operation events (11 events):
Event: 0.099 Loaded shared library E:\sts-4.28.1.RELEASE\plugins\org.eclipse.justj.openjdk.hotspot.jre.full.win32.x86_64_21.0.6.v20250130-0529\jre\bin\java.dll
Event: 0.143 Loaded shared library E:\sts-4.28.1.RELEASE\plugins\org.eclipse.justj.openjdk.hotspot.jre.full.win32.x86_64_21.0.6.v20250130-0529\jre\bin\zip.dll
Event: 0.207 Loaded shared library E:\sts-4.28.1.RELEASE\plugins\org.eclipse.justj.openjdk.hotspot.jre.full.win32.x86_64_21.0.6.v20250130-0529\jre\bin\jimage.dll
Event: 0.211 Loaded shared library E:\sts-4.28.1.RELEASE\plugins\org.eclipse.justj.openjdk.hotspot.jre.full.win32.x86_64_21.0.6.v20250130-0529\jre\bin\net.dll
Event: 0.212 Loaded shared library E:\sts-4.28.1.RELEASE\plugins\org.eclipse.justj.openjdk.hotspot.jre.full.win32.x86_64_21.0.6.v20250130-0529\jre\bin\nio.dll
Event: 0.213 Loaded shared library E:\sts-4.28.1.RELEASE\plugins\org.eclipse.justj.openjdk.hotspot.jre.full.win32.x86_64_21.0.6.v20250130-0529\jre\bin\zip.dll
Event: 0.260 Loaded shared library E:\sts-4.28.1.RELEASE\plugins\org.eclipse.justj.openjdk.hotspot.jre.full.win32.x86_64_21.0.6.v20250130-0529\jre\bin\management.dll
Event: 0.269 Loaded shared library E:\sts-4.28.1.RELEASE\plugins\org.eclipse.justj.openjdk.hotspot.jre.full.win32.x86_64_21.0.6.v20250130-0529\jre\bin\management_ext.dll
Event: 5.599 Loaded shared library E:\sts-4.28.1.RELEASE\plugins\org.eclipse.justj.openjdk.hotspot.jre.full.win32.x86_64_21.0.6.v20250130-0529\jre\bin\extnet.dll
Event: 5.652 Loaded shared library E:\sts-4.28.1.RELEASE\plugins\org.eclipse.justj.openjdk.hotspot.jre.full.win32.x86_64_21.0.6.v20250130-0529\jre\bin\verify.dll
Event: 6.877 Loaded shared library E:\sts-4.28.1.RELEASE\plugins\org.eclipse.justj.openjdk.hotspot.jre.full.win32.x86_64_21.0.6.v20250130-0529\jre\bin\sunmscapi.dll

Deoptimization events (0 events):
No events

Classes loaded (20 events):
Event: 12.722 Loading class java/util/stream/ReduceOps$CountingSink done
Event: 12.722 Loading class java/util/stream/ReduceOps$CountingSink$OfRef done
Event: 12.753 Loading class java/lang/Character$UnicodeBlock
Event: 12.755 Loading class java/lang/Character$Subset
Event: 12.755 Loading class java/lang/Character$Subset done
Event: 12.756 Loading class java/lang/Character$UnicodeBlock done
Event: 12.810 Loading class java/util/regex/Pattern$Bound
Event: 12.811 Loading class java/util/regex/Pattern$Bound done
Event: 12.812 Loading class java/util/regex/Pattern$Behind
Event: 12.812 Loading class java/util/regex/Pattern$Behind done
Event: 12.953 Loading class java/util/EmptyStackException
Event: 12.953 Loading class java/util/EmptyStackException done
Event: 13.077 Loading class java/io/InvalidClassException
Event: 13.077 Loading class java/io/InvalidClassException done
Event: 14.975 Loading class sun/reflect/ReflectionFactory
Event: 15.016 Loading class sun/reflect/ReflectionFactory done
Event: 15.016 Loading class sun/reflect/ReflectionFactory$1
Event: 15.016 Loading class sun/reflect/ReflectionFactory$1 done
Event: 15.017 Loading class java/io/OptionalDataException
Event: 15.661 Loading class java/io/OptionalDataException done

Classes unloaded (1 events):
Event: 16.676 Thread 0x000001a7dc477770 Unloading class 0x000001a781a6cc00 'jdk/internal/reflect/GeneratedSerializationConstructorAccessor18'

Classes redefined (0 events):
No events

Internal exceptions (20 events):
Event: 11.834 Thread 0x000001a7dc4c35b0 Exception <a 'java/lang/NoSuchMethodError'{0x00000007066211c8}: 'java.lang.Object java.lang.invoke.DirectMethodHandle$Holder.newInvokeSpecial(java.lang.Object, java.lang.Object, java.lang.Object, java.lang.Object, java.lang.Object, java.lang.Object, java.lang.Object, java.lang.Object, java.lang.Object, java.lang.Object, java.lang.Object, java.lang.Object)'> (0x00000007066211c8) 
thrown [s\src\hotspot\share\interpreter\linkResolver.cpp, line 773]
Event: 11.834 Thread 0x000001a7dc4c35b0 Exception <a 'java/lang/NoSuchMethodError'{0x0000000706625b00}: 'java.lang.Object java.lang.invoke.DirectMethodHandle$Holder.invokeSpecial(java.lang.Object, java.lang.Object, java.lang.Object, java.lang.Object, java.lang.Object, java.lang.Object, java.lang.Object, java.lang.Object, java.lang.Object, java.lang.Object, java.lang.Object, java.lang.Object, java.lang.Object)'> (0x0000000706625b00) 
thrown [s\src\hotspot\share\interpreter\linkResolver.cpp, line 773]
Event: 11.835 Thread 0x000001a7dc4c35b0 Exception <a 'java/lang/NoSuchMethodError'{0x0000000706629ff8}: 'java.lang.Object java.lang.invoke.Invokers$Holder.linkToTargetMethod(java.lang.Object, java.lang.Object, java.lang.Object, java.lang.Object, java.lang.Object, java.lang.Object, java.lang.Object, java.lang.Object, java.lang.Object, java.lang.Object, java.lang.Object, java.lang.Object)'> (0x0000000706629ff8) 
thrown [s\src\hotspot\share\interpreter\linkResolver.cpp, line 773]
Event: 11.873 Thread 0x000001a7dc4c35b0 Exception <a 'java/lang/IncompatibleClassChangeError'{0x00000007067c99a0}: Found class java.lang.Object, but interface was expected> (0x00000007067c99a0) 
thrown [s\src\hotspot\share\interpreter\linkResolver.cpp, line 840]
Event: 11.886 Thread 0x000001a7dc4c35b0 Exception <a 'java/lang/NoSuchMethodError'{0x000000070644c468}: 'java.lang.Object java.lang.invoke.DirectMethodHandle$Holder.newInvokeSpecial(java.lang.Object, java.lang.Object, java.lang.Object, java.lang.Object, java.lang.Object, java.lang.Object, java.lang.Object, int)'> (0x000000070644c468) 
thrown [s\src\hotspot\share\interpreter\linkResolver.cpp, line 773]
Event: 11.886 Thread 0x000001a7dc4c35b0 Exception <a 'java/lang/NoSuchMethodError'{0x0000000706450ab8}: 'java.lang.Object java.lang.invoke.DirectMethodHandle$Holder.invokeSpecial(java.lang.Object, java.lang.Object, java.lang.Object, java.lang.Object, java.lang.Object, java.lang.Object, java.lang.Object, java.lang.Object, int)'> (0x0000000706450ab8) 
thrown [s\src\hotspot\share\interpreter\linkResolver.cpp, line 773]
Event: 11.886 Thread 0x000001a7dc4c35b0 Exception <a 'java/lang/NoSuchMethodError'{0x0000000706454af0}: 'java.lang.Object java.lang.invoke.Invokers$Holder.linkToTargetMethod(java.lang.Object, java.lang.Object, java.lang.Object, java.lang.Object, java.lang.Object, java.lang.Object, int, java.lang.Object)'> (0x0000000706454af0) 
thrown [s\src\hotspot\share\interpreter\linkResolver.cpp, line 773]
Event: 11.916 Thread 0x000001a7dc4c35b0 Exception <a 'java/lang/NoSuchMethodError'{0x0000000706595d40}: 'java.lang.Object java.lang.invoke.DirectMethodHandle$Holder.newInvokeSpecial(java.lang.Object, java.lang.Object, int, java.lang.Object, int, java.lang.Object, java.lang.Object)'> (0x0000000706595d40) 
thrown [s\src\hotspot\share\interpreter\linkResolver.cpp, line 773]
Event: 11.930 Thread 0x000001a7dc4c35b0 Exception <a 'java/lang/NoSuchMethodError'{0x0000000706214cf0}: 'void java.lang.invoke.DirectMethodHandle$Holder.invokeInterface(java.lang.Object, java.lang.Object)'> (0x0000000706214cf0) 
thrown [s\src\hotspot\share\interpreter\linkResolver.cpp, line 773]
Event: 12.238 Thread 0x000001a7dc4c35b0 Exception <a 'java/lang/NoSuchMethodError'{0x0000000705f3acf8}: 'java.lang.Object java.lang.invoke.DirectMethodHandle$Holder.invokeSpecial(java.lang.Object, java.lang.Object, int, java.lang.Object, int)'> (0x0000000705f3acf8) 
thrown [s\src\hotspot\share\interpreter\linkResolver.cpp, line 773]
Event: 12.280 Thread 0x000001a7dc4c35b0 Exception <a 'java/lang/NoSuchMethodError'{0x0000000705c3f558}: 'void java.lang.invoke.Invokers$Holder.invokeExact_MT(java.lang.Object, java.lang.Object, java.lang.Object, java.lang.Object)'> (0x0000000705c3f558) 
thrown [s\src\hotspot\share\interpreter\linkResolver.cpp, line 773]
Event: 12.426 Thread 0x000001a7dc4c35b0 Exception <a 'java/lang/IncompatibleClassChangeError'{0x00000007058bb8e8}: Found class java.lang.Object, but interface was expected> (0x00000007058bb8e8) 
thrown [s\src\hotspot\share\interpreter\linkResolver.cpp, line 840]
Event: 12.518 Thread 0x000001a7dc4c35b0 Exception <a 'java/lang/IncompatibleClassChangeError'{0x0000000705676a70}: Found class java.lang.Object, but interface was expected> (0x0000000705676a70) 
thrown [s\src\hotspot\share\interpreter\linkResolver.cpp, line 840]
Event: 12.694 Thread 0x000001a7dc4c35b0 Exception <a 'java/lang/IncompatibleClassChangeError'{0x00000007051189a8}: Found class java.lang.Object, but interface was expected> (0x00000007051189a8) 
thrown [s\src\hotspot\share\interpreter\linkResolver.cpp, line 840]
Event: 12.773 Thread 0x000001a7dc4c35b0 Exception <a 'java/lang/IncompatibleClassChangeError'{0x0000000704c0d638}: Found class java.lang.Object, but interface was expected> (0x0000000704c0d638) 
thrown [s\src\hotspot\share\interpreter\linkResolver.cpp, line 840]
Event: 12.774 Thread 0x000001a7dc4c35b0 Exception <a 'java/lang/IncompatibleClassChangeError'{0x0000000704c12fc8}: Found class java.lang.Object, but interface was expected> (0x0000000704c12fc8) 
thrown [s\src\hotspot\share\interpreter\linkResolver.cpp, line 840]
Event: 12.834 Thread 0x000001a7dc4c35b0 Exception <a 'java/lang/NoSuchMethodError'{0x0000000704ddbde8}: 'java.lang.Object java.lang.invoke.DirectMethodHandle$Holder.invokeStatic(java.lang.Object, int, java.lang.Object)'> (0x0000000704ddbde8) 
thrown [s\src\hotspot\share\interpreter\linkResolver.cpp, line 773]
Event: 14.761 Thread 0x000001a7dc4c35b0 Exception <a 'java/lang/NoSuchMethodError'{0x00000007068c4f68}: 'int java.lang.invoke.DirectMethodHandle$Holder.invokeStaticInit(java.lang.Object, int, java.lang.Object, java.lang.Object, java.lang.Object, java.lang.Object)'> (0x00000007068c4f68) 
thrown [s\src\hotspot\share\interpreter\linkResolver.cpp, line 773]
Event: 15.792 Thread 0x000001a7dc4c35b0 Exception <a 'java/io/FileNotFoundException'{0x000000070667f248}> (0x000000070667f248) 
thrown [s\src\hotspot\share\prims\jni.cpp, line 520]
Event: 15.792 Thread 0x000001a7dc4c35b0 Exception <a 'java/io/FileNotFoundException'{0x00000007066894b8}> (0x00000007066894b8) 
thrown [s\src\hotspot\share\prims\jni.cpp, line 520]

ZGC Phase Switch (0 events):
No events

VM Operations (20 events):
Event: 16.047 Executing VM operation: G1CollectForAllocation (G1 Evacuation Pause) done
Event: 16.071 Executing VM operation: G1PauseRemark
Event: 16.073 Executing VM operation: G1PauseRemark done
Event: 16.082 Executing VM operation: G1PauseCleanup
Event: 16.082 Executing VM operation: G1PauseCleanup done
Event: 16.341 Executing VM operation: G1CollectForAllocation (G1 Evacuation Pause)
Event: 16.345 Executing VM operation: G1CollectForAllocation (G1 Evacuation Pause) done
Event: 16.497 Executing VM operation: G1CollectForAllocation (G1 Evacuation Pause)
Event: 16.535 Executing VM operation: G1CollectForAllocation (G1 Evacuation Pause) done
Event: 16.640 Executing VM operation: G1CollectForAllocation (G1 Evacuation Pause)
Event: 16.644 Executing VM operation: G1CollectForAllocation (G1 Evacuation Pause) done
Event: 16.676 Executing VM operation: G1PauseRemark
Event: 16.681 Executing VM operation: G1PauseRemark done
Event: 16.693 Executing VM operation: G1PauseCleanup
Event: 16.693 Executing VM operation: G1PauseCleanup done
Event: 16.725 Executing VM operation: G1CollectForAllocation (G1 Evacuation Pause)
Event: 16.727 Executing VM operation: G1CollectForAllocation (G1 Evacuation Pause) done
Event: 16.780 Executing VM operation: G1CollectForAllocation (G1 Evacuation Pause)
Event: 16.782 Executing VM operation: G1CollectForAllocation (G1 Evacuation Pause) done
Event: 16.840 Executing VM operation: G1CollectForAllocation (G1 Evacuation Pause)

Memory protections (0 events):
No events

Nmethod flushes (20 events):
Event: 16.681 Thread 0x000001a7dc477770 flushing  nmethod 0x000001a7d11a0a10
Event: 16.681 Thread 0x000001a7dc477770 flushing  nmethod 0x000001a7d11f8b10
Event: 16.681 Thread 0x000001a7dc477770 flushing  nmethod 0x000001a7d11fd690
Event: 16.681 Thread 0x000001a7dc477770 flushing  nmethod 0x000001a7d1235f90
Event: 16.681 Thread 0x000001a7dc477770 flushing  nmethod 0x000001a7d123a390
Event: 16.681 Thread 0x000001a7dc477770 flushing  nmethod 0x000001a7d125ff10
Event: 16.681 Thread 0x000001a7dc477770 flushing  nmethod 0x000001a7d1260790
Event: 16.681 Thread 0x000001a7dc477770 flushing  nmethod 0x000001a7d1261190
Event: 16.681 Thread 0x000001a7dc477770 flushing  nmethod 0x000001a7d127f310
Event: 16.681 Thread 0x000001a7dc477770 flushing  nmethod 0x000001a7d1281290
Event: 16.681 Thread 0x000001a7dc477770 flushing  nmethod 0x000001a7d1281e90
Event: 16.681 Thread 0x000001a7dc477770 flushing  nmethod 0x000001a7d1282210
Event: 16.681 Thread 0x000001a7dc477770 flushing  nmethod 0x000001a7d1282610
Event: 16.681 Thread 0x000001a7dc477770 flushing  nmethod 0x000001a7d12bb790
Event: 16.681 Thread 0x000001a7dc477770 flushing  nmethod 0x000001a7d12f1b10
Event: 16.681 Thread 0x000001a7dc477770 flushing  nmethod 0x000001a7d12f3390
Event: 16.681 Thread 0x000001a7dc477770 flushing  nmethod 0x000001a7d12f4390
Event: 16.681 Thread 0x000001a7dc477770 flushing  nmethod 0x000001a7d12f6010
Event: 16.681 Thread 0x000001a7dc477770 flushing  nmethod 0x000001a7d1384b10
Event: 16.681 Thread 0x000001a7dc477770 flushing  nmethod 0x000001a7d1768d10

Events (20 events):
Event: 5.863 Thread 0x000001a7cd1f16d0 Thread added: 0x000001a7dc4c4960
Event: 5.865 Thread 0x000001a7dc4c4960 Thread added: 0x000001a7dc4c35b0
Event: 5.875 Thread 0x000001a7dc4c5680 Thread added: 0x000001a7dc4c3c40
Event: 5.885 Thread 0x000001a7dc4c3c40 Thread added: 0x000001a7e19135b0
Event: 5.886 Thread 0x000001a7dc4c42d0 Thread added: 0x000001a7e1913c40
Event: 5.895 Thread 0x000001a7e1913c40 Thread added: 0x000001a7e1912f20
Event: 6.155 Thread 0x000001a7dc4c35b0 Thread added: 0x000001a7e19114e0
Event: 6.685 Thread 0x000001a7dc4ae8f0 Thread added: 0x000001a7e1e9ad10
Event: 6.827 Thread 0x000001a7dc4c35b0 Thread added: 0x000001a7e1910e50
Event: 6.877 Thread 0x000001a7e1910e50 Thread exited: 0x000001a7e1910e50
Event: 6.900 Thread 0x000001a7e19114e0 Thread exited: 0x000001a7e19114e0
Event: 8.828 Thread 0x000001a7dc4c35b0 Thread added: 0x000001a7e1912200
Event: 8.829 Thread 0x000001a7e1912200 Thread added: 0x000001a7e19142d0
Event: 8.831 Thread 0x000001a7dc4c35b0 Thread added: 0x000001a7e1910e50
Event: 8.848 Thread 0x000001a7dc4c35b0 Thread added: 0x000001a7e1914960
Event: 10.007 Thread 0x000001a7dc4c35b0 Thread added: 0x000001a7e19114e0
Event: 10.110 Thread 0x000001a7e19114e0 Thread added: 0x000001a7e1911b70
Event: 15.668 Thread 0x000001a7e1e9ad10 Thread exited: 0x000001a7e1e9ad10
Event: 15.668 Thread 0x000001a7e14ee830 Thread exited: 0x000001a7e14ee830
Event: 15.806 Thread 0x000001a7e1911b70 Thread exited: 0x000001a7e1911b70


Dynamic libraries:
0x00007ff64de70000 - 0x00007ff64de7e000 	E:\sts-4.28.1.RELEASE\plugins\org.eclipse.justj.openjdk.hotspot.jre.full.win32.x86_64_21.0.6.v20250130-0529\jre\bin\javaw.exe
0x00007ffa1b440000 - 0x00007ffa1b6a3000 	C:\WINDOWS\SYSTEM32\ntdll.dll
0x00007ffa1a9d0000 - 0x00007ffa1aa97000 	C:\WINDOWS\System32\KERNEL32.DLL
0x00007ffa187c0000 - 0x00007ffa18b89000 	C:\WINDOWS\System32\KERNELBASE.dll
0x00007ffa18670000 - 0x00007ffa187bc000 	C:\WINDOWS\System32\ucrtbase.dll
0x00007ff9e5ef0000 - 0x00007ff9e5f08000 	E:\sts-4.28.1.RELEASE\plugins\org.eclipse.justj.openjdk.hotspot.jre.full.win32.x86_64_21.0.6.v20250130-0529\jre\bin\jli.dll
0x00007ff9e59f0000 - 0x00007ff9e5a0e000 	E:\sts-4.28.1.RELEASE\plugins\org.eclipse.justj.openjdk.hotspot.jre.full.win32.x86_64_21.0.6.v20250130-0529\jre\bin\VCRUNTIME140.dll
0x00007ffa1ad50000 - 0x00007ffa1af1a000 	C:\WINDOWS\System32\USER32.dll
0x00007ffa18640000 - 0x00007ffa18667000 	C:\WINDOWS\System32\win32u.dll
0x00007ffa19ae0000 - 0x00007ffa19b0a000 	C:\WINDOWS\System32\GDI32.dll
0x00007ffa18b90000 - 0x00007ffa18cc1000 	C:\WINDOWS\System32\gdi32full.dll
0x00007ffa190f0000 - 0x00007ffa19193000 	C:\WINDOWS\System32\msvcp_win.dll
0x00007ffa04690000 - 0x00007ffa04920000 	C:\WINDOWS\WinSxS\amd64_microsoft.windows.common-controls_6595b64144ccf1df_6.0.26100.3323_none_3e088096e3344490\COMCTL32.dll
0x00007ffa19c50000 - 0x00007ffa19cf9000 	C:\WINDOWS\System32\msvcrt.dll
0x00007ffa1af20000 - 0x00007ffa1af4f000 	C:\WINDOWS\System32\IMM32.DLL
0x00007ffa04e80000 - 0x00007ffa04e8c000 	E:\sts-4.28.1.RELEASE\plugins\org.eclipse.justj.openjdk.hotspot.jre.full.win32.x86_64_21.0.6.v20250130-0529\jre\bin\vcruntime140_1.dll
0x00007ff9c5340000 - 0x00007ff9c53cd000 	E:\sts-4.28.1.RELEASE\plugins\org.eclipse.justj.openjdk.hotspot.jre.full.win32.x86_64_21.0.6.v20250130-0529\jre\bin\msvcp140.dll
0x00007ff9c38b0000 - 0x00007ff9c4640000 	E:\sts-4.28.1.RELEASE\plugins\org.eclipse.justj.openjdk.hotspot.jre.full.win32.x86_64_21.0.6.v20250130-0529\jre\bin\server\jvm.dll
0x00007ffa1a910000 - 0x00007ffa1a9c2000 	C:\WINDOWS\System32\ADVAPI32.dll
0x00007ffa1ac90000 - 0x00007ffa1ad36000 	C:\WINDOWS\System32\sechost.dll
0x00007ffa1a210000 - 0x00007ffa1a326000 	C:\WINDOWS\System32\RPCRT4.dll
0x00007ffa1a6c0000 - 0x00007ffa1a734000 	C:\WINDOWS\System32\WS2_32.dll
0x00007ffa184d0000 - 0x00007ffa1851e000 	C:\WINDOWS\SYSTEM32\POWRPROF.dll
0x00007ffa129c0000 - 0x00007ffa129cb000 	C:\WINDOWS\SYSTEM32\VERSION.dll
0x00007ffa0ea80000 - 0x00007ffa0eab6000 	C:\WINDOWS\SYSTEM32\WINMM.dll
0x00007ffa184b0000 - 0x00007ffa184c4000 	C:\WINDOWS\SYSTEM32\UMPDC.dll
0x00007ffa17460000 - 0x00007ffa1747a000 	C:\WINDOWS\SYSTEM32\kernel.appcore.dll
0x00007ffa13590000 - 0x00007ffa1359a000 	E:\sts-4.28.1.RELEASE\plugins\org.eclipse.justj.openjdk.hotspot.jre.full.win32.x86_64_21.0.6.v20250130-0529\jre\bin\jimage.dll
0x00007ffa0e830000 - 0x00007ffa0ea71000 	C:\WINDOWS\SYSTEM32\DBGHELP.DLL
0x00007ffa1a330000 - 0x00007ffa1a6b2000 	C:\WINDOWS\System32\combase.dll
0x00007ffa19e50000 - 0x00007ffa19f26000 	C:\WINDOWS\System32\OLEAUT32.dll
0x00007ffa008c0000 - 0x00007ffa008f9000 	C:\WINDOWS\SYSTEM32\dbgcore.DLL
0x00007ffa18ee0000 - 0x00007ffa18f79000 	C:\WINDOWS\System32\bcryptPrimitives.dll
0x00007ffa04b20000 - 0x00007ffa04b3f000 	E:\sts-4.28.1.RELEASE\plugins\org.eclipse.justj.openjdk.hotspot.jre.full.win32.x86_64_21.0.6.v20250130-0529\jre\bin\java.dll
0x00007ffa19260000 - 0x00007ffa19975000 	C:\WINDOWS\System32\SHELL32.dll
0x00007ffa18f80000 - 0x00007ffa190e8000 	C:\WINDOWS\System32\wintypes.dll
0x00007ffa16360000 - 0x00007ffa16ba5000 	C:\WINDOWS\SYSTEM32\windows.storage.dll
0x00007ffa19d60000 - 0x00007ffa19e4b000 	C:\WINDOWS\System32\SHCORE.dll
0x00007ffa19a80000 - 0x00007ffa19add000 	C:\WINDOWS\System32\shlwapi.dll
0x00007ffa18550000 - 0x00007ffa1857f000 	C:\WINDOWS\SYSTEM32\profapi.dll
0x00007ff9ea230000 - 0x00007ff9ea248000 	E:\sts-4.28.1.RELEASE\plugins\org.eclipse.justj.openjdk.hotspot.jre.full.win32.x86_64_21.0.6.v20250130-0529\jre\bin\zip.dll
0x00007ffa12a10000 - 0x00007ffa12a20000 	E:\sts-4.28.1.RELEASE\plugins\org.eclipse.justj.openjdk.hotspot.jre.full.win32.x86_64_21.0.6.v20250130-0529\jre\bin\net.dll
0x00007ffa12df0000 - 0x00007ffa12f0e000 	C:\WINDOWS\SYSTEM32\WINHTTP.dll
0x00007ffa17980000 - 0x00007ffa179ea000 	C:\WINDOWS\system32\mswsock.dll
0x00007ff9e61d0000 - 0x00007ff9e61e6000 	E:\sts-4.28.1.RELEASE\plugins\org.eclipse.justj.openjdk.hotspot.jre.full.win32.x86_64_21.0.6.v20250130-0529\jre\bin\nio.dll
0x00007ffa01680000 - 0x00007ffa0168a000 	E:\sts-4.28.1.RELEASE\plugins\org.eclipse.justj.openjdk.hotspot.jre.full.win32.x86_64_21.0.6.v20250130-0529\jre\bin\management.dll
0x00007ffa01480000 - 0x00007ffa0148b000 	E:\sts-4.28.1.RELEASE\plugins\org.eclipse.justj.openjdk.hotspot.jre.full.win32.x86_64_21.0.6.v20250130-0529\jre\bin\management_ext.dll
0x00007ffa19b10000 - 0x00007ffa19b18000 	C:\WINDOWS\System32\PSAPI.DLL
0x00007ff9fe1e0000 - 0x00007ff9fe1f8000 	C:\WINDOWS\system32\napinsp.dll
0x00007ffa16ea0000 - 0x00007ffa16fc5000 	C:\WINDOWS\SYSTEM32\DNSAPI.dll
0x00007ffa16e60000 - 0x00007ffa16e93000 	C:\WINDOWS\SYSTEM32\IPHLPAPI.DLL
0x00007ffa1a740000 - 0x00007ffa1a74a000 	C:\WINDOWS\System32\NSI.dll
0x00007ff9fd660000 - 0x00007ff9fd672000 	C:\WINDOWS\System32\winrnr.dll
0x00007ff9fd630000 - 0x00007ff9fd652000 	C:\WINDOWS\system32\nlansp_c.dll
0x00007ff9fd610000 - 0x00007ff9fd626000 	C:\WINDOWS\system32\wshbth.dll
0x00007ffa10fb0000 - 0x00007ffa10fbb000 	C:\Windows\System32\rasadhlp.dll
0x00007ffa11ae0000 - 0x00007ffa11b65000 	C:\WINDOWS\System32\fwpuclnt.dll
0x00007ffa17c20000 - 0x00007ffa17c3c000 	C:\WINDOWS\SYSTEM32\CRYPTSP.dll
0x00007ffa173c0000 - 0x00007ffa173fa000 	C:\WINDOWS\system32\rsaenh.dll
0x00007ffa17a20000 - 0x00007ffa17a4b000 	C:\WINDOWS\SYSTEM32\USERENV.dll
0x00007ffa17e60000 - 0x00007ffa17e86000 	C:\WINDOWS\SYSTEM32\bcrypt.dll
0x00007ffa17c40000 - 0x00007ffa17c4c000 	C:\WINDOWS\SYSTEM32\CRYPTBASE.dll
0x00007ffa016b0000 - 0x00007ffa016b9000 	E:\sts-4.28.1.RELEASE\plugins\org.eclipse.justj.openjdk.hotspot.jre.full.win32.x86_64_21.0.6.v20250130-0529\jre\bin\extnet.dll
0x00007ffa0d6e0000 - 0x00007ffa0d6f0000 	E:\sts-4.28.1.RELEASE\plugins\org.eclipse.justj.openjdk.hotspot.jre.full.win32.x86_64_21.0.6.v20250130-0529\jre\bin\verify.dll
0x00007ffa0cb40000 - 0x00007ffa0cb4e000 	E:\sts-4.28.1.RELEASE\plugins\org.eclipse.justj.openjdk.hotspot.jre.full.win32.x86_64_21.0.6.v20250130-0529\jre\bin\sunmscapi.dll
0x00007ffa18d60000 - 0x00007ffa18ed7000 	C:\WINDOWS\System32\CRYPT32.dll
0x00007ffa17e20000 - 0x00007ffa17e50000 	C:\WINDOWS\SYSTEM32\ncrypt.dll
0x00007ffa17dd0000 - 0x00007ffa17e0f000 	C:\WINDOWS\SYSTEM32\NTASN1.dll

dbghelp: loaded successfully - version: 4.0.5 - missing functions: none
symbol engine: initialized successfully - sym options: 0x614 - pdb path: .;E:\sts-4.28.1.RELEASE\plugins\org.eclipse.justj.openjdk.hotspot.jre.full.win32.x86_64_21.0.6.v20250130-0529\jre\bin;C:\WINDOWS\SYSTEM32;C:\WINDOWS\WinSxS\amd64_microsoft.windows.common-controls_6595b64144ccf1df_6.0.26100.3323_none_3e088096e3344490;E:\sts-4.28.1.RELEASE\plugins\org.eclipse.justj.openjdk.hotspot.jre.full.win32.x86_64_21.0.6.v20250130-0529\jre\bin\server

VM Arguments:
jvm_args: -Dcom.sun.management.jmxremote -Dcom.sun.management.jmxremote.port=54075 -Dcom.sun.management.jmxremote.authenticate=false -Dcom.sun.management.jmxremote.ssl=false -Djava.rmi.server.hostname=localhost -Dspring.jmx.enabled=true -Dmanagement.endpoints.jmx.exposure.include=* -Dspring.application.admin.enabled=true -Dspring.output.ansi.enabled=always -XX:TieredStopAtLevel=1 -Dspring.boot.project.name=sport -Dfile.encoding=UTF-8 -Dstdout.encoding=UTF-8 -Dstderr.encoding=UTF-8 -XX:+ShowCodeDetailsInExceptionMessages 
java_command: com.example.sport.SportApplication
java_class_path (initial): C:\Users\omgaw\Desktop\sport\sport\target\classes;C:\Users\omgaw\.m2\repository\org\springframework\boot\spring-boot-starter-mail\3.4.3\spring-boot-starter-mail-3.4.3.jar;C:\Users\omgaw\.m2\repository\org\springframework\boot\spring-boot-starter\3.4.3\spring-boot-starter-3.4.3.jar;C:\Users\omgaw\.m2\repository\org\springframework\boot\spring-boot-starter-logging\3.4.3\spring-boot-starter-logging-3.4.3.jar;C:\Users\omgaw\.m2\repository\ch\qos\logback\logback-classic\1.5.16\logback-classic-1.5.16.jar;C:\Users\omgaw\.m2\repository\ch\qos\logback\logback-core\1.5.16\logback-core-1.5.16.jar;C:\Users\omgaw\.m2\repository\org\apache\logging\log4j\log4j-to-slf4j\2.24.3\log4j-to-slf4j-2.24.3.jar;C:\Users\omgaw\.m2\repository\org\apache\logging\log4j\log4j-api\2.24.3\log4j-api-2.24.3.jar;C:\Users\omgaw\.m2\repository\org\slf4j\jul-to-slf4j\2.0.16\jul-to-slf4j-2.0.16.jar;C:\Users\omgaw\.m2\repository\jakarta\annotation\jakarta.annotation-api\2.1.1\jakarta.annotation-api-2.1.1.jar;C:\Users\omgaw\.m2\repository\org\yaml\snakeyaml\2.3\snakeyaml-2.3.jar;C:\Users\omgaw\.m2\repository\org\springframework\spring-context-support\6.2.3\spring-context-support-6.2.3.jar;C:\Users\omgaw\.m2\repository\org\springframework\spring-beans\6.2.3\spring-beans-6.2.3.jar;C:\Users\omgaw\.m2\repository\org\springframework\spring-context\6.2.3\spring-context-6.2.3.jar;C:\Users\omgaw\.m2\repository\org\eclipse\angus\jakarta.mail\2.0.3\jakarta.mail-2.0.3.jar;C:\Users\omgaw\.m2\repository\jakarta\activation\jakarta.activation-api\2.1.3\jakarta.activation-api-2.1.3.jar;C:\Users\omgaw\.m2\repository\org\eclipse\angus\angus-activation\2.0.2\angus-activation-2.0.2.jar;C:\Users\omgaw\.m2\repository\org\apache\httpcomponents\httpclient\4.5.14\httpclient-4.5.14.jar;C:\Users\omgaw\.m2\repository\org\apache\httpcomponents\httpcore\4.4.16\httpcore-4.4.16.jar;C:\Users\omgaw\.m2\repository\commons-logging\commons-logging\1.2\commons-logging-1.2.jar;C:\Users\omgaw\.m2\repository\commons-codec\commons-codec\1.17.2\commons-codec-1.17.2.jar;C:\Users\omgaw\.m2\repository\com\fasterxml\jackson\core\jackson-databind\2.15.2\jackson-databind-2.15.2.jar;C:\Users\omgaw\.m2\repository\com\fasterxml\jackson\core\jackson-annotations\2.18.2\jackson-annotations-2.18.2.jar;C:\Users\omgaw\.m2\repository\com\fasterxml\jackson\core\jackson-core\2.18.2\jackson-core-2.18.2.jar;C:\Users\omgaw\.m2\repository\org\springframework\boot\spring-boot-starter-data-jpa\3.4.3\spring-boot-starter-data-jpa-3.4.3.jar;C:\Users\omgaw\.m2\repository\org\springframework\boot\spring-boot-starter-jdbc\3.4.3\spring-boot-starter-jdbc-3.4.3.jar;C:\Users\omgaw\.m2\repository\com\zaxxer\HikariCP\5.1.0\HikariCP-5.1.0.jar;C:\Users\omgaw\.m2\repository\org\springframework\spring-jdbc\6.2.3\spring-jdbc-6.2.3.jar;C:\Users\omgaw\.m2\repository\org\hibernate\orm\hibernate-core\6.6.8.Final\hibernate-core-6.6.8.Final.jar;C:\Users\omgaw\.m2\repository\jakarta\persistence\jakarta.persistence-api\3.1.0\jakarta.persistence-api-3.1.0.jar;C:\Users\omgaw\.m2\repository\jakarta\transaction\jakarta.transaction-api\2.0.1\jakarta.transaction-api-2.0.1.jar;C:\Users\omgaw\.m2\repository\org\hibernate\common\hibernate-commons-annotations\7.0.3.Final\hibernate-commons-annotations-7.0.3.Final.jar;C:\Users\omgaw\.m2\repository\io\smallrye\jandex\3.2.0\jandex-3.2.0.jar;C:\Users\omgaw\.m2\repository\net\bytebuddy\byte-buddy\1.15.11\byte-buddy-1.15.11.jar;C:\Users\omgaw\.m2\repository\org\glassfish\jaxb\jaxb-runtime\4.0.5\jaxb-runtime-4.0.5.jar;C:\Users\omgaw\.m2\repository\org\glassfish\jaxb\jaxb-core\4.0.5\jaxb-core-4.0.5.jar;C:\Users\omgaw\.m2\repository\org\glassfish\jaxb\txw2\4.0.5\txw2-4.0.5.jar;C:\Users\omgaw\.m2\repository\com\sun\istack\istack-commons-runtime\4.1.2\istack-commons-runtime-4.1.2.jar;C:\Users\omgaw\.m2\repository\jakarta\inject\jakarta.inject-api\2.0.1\jakarta.inject-api-2.0.1.jar;C:\Users\omgaw\.m2\repository\org\antlr\antlr4-runtime\4.13.0\antlr4-runtime-4.13.0.jar;C:\Users\omgaw\.m2\repository\org\springframework\data\spring-data-jpa\3.4.3\spring-data-jpa-3.4.3.jar;C:\Users\omgaw\.m2\repository\org\springframework\data\spring-data-commons\3.4.3\spring-data-commons-3.4.3.jar;C:\Users\omgaw\.m2\repository\org\springframework\spring-orm\6.2.3\spring-orm-6.2.3.jar;C:\Users\omgaw\.m2\repository\org\springframework\spring-tx\6.2.3\spring-tx-6.2.3.jar;C:\Users\omgaw\.m2\repository\org\slf4j\slf4j-api\2.0.16\slf4j-api-2.0.16.jar;C:\Users\omgaw\.m2\repository\org\springframework\spring-aspects\6.2.3\spring-aspects-6.2.3.jar;C:\Users\omgaw\.m2\repository\org\aspectj\aspectjweaver\1.9.22.1\aspectjweaver-1.9.22.1.jar;C:\Users\omgaw\.m2\repository\org\springframework\boot\spring-boot-devtools\3.4.3\spring-boot-devtools-3.4.3.jar;C:\Users\omgaw\.m2\repository\org\springframework\boot\spring-boot\3.4.3\spring-boot-3.4.3.jar;C:\Users\omgaw\.m2\repository\org\springframework\boot\spring-boot-autoconfigure\3.4.3\spring-boot-autoconfigure-3.4.3.jar;C:\Users\omgaw\.m2\repository\jakarta\validation\jakarta.validation-api\3.0.2\jakarta.validation-api-3.0.2.jar;C:\Users\omgaw\.m2\repository\org\hibernate\validator\hibernate-validator\8.0.2.Final\hibernate-validator-8.0.2.Final.jar;C:\Users\omgaw\.m2\repository\org\jboss\logging\jboss-logging\3.6.1.Final\jboss-logging-3.6.1.Final.jar;C:\Users\omgaw\.m2\repository\com\fasterxml\classmate\1.7.0\classmate-1.7.0.jar;C:\Users\omgaw\.m2\repository\org\projectlombok\lombok\1.18.26\lombok-1.18.26.jar;C:\Users\omgaw\.m2\repository\org\springframework\boot\spring-boot-starter-thymeleaf\3.4.3\spring-boot-starter-thymeleaf-3.4.3.jar;C:\Users\omgaw\.m2\repository\org\thymeleaf\thymeleaf-spring6\3.1.3.RELEASE\thymeleaf-spring6-3.1.3.RELEASE.jar;C:\Users\omgaw\.m2\repository\org\thymeleaf\thymeleaf\3.1.3.RELEASE\thymeleaf-3.1.3.RELEASE.jar;C:\Users\omgaw\.m2\repository\org\attoparser\attoparser\2.0.7.RELEASE\attoparser-2.0.7.RELEASE.jar;C:\Users\omgaw\.m2\repository\org\unbescape\unbescape\1.1.6.RELEASE\unbescape-1.1.6.RELEASE.jar;C:\Users\omgaw\.m2\repository\org\springframework\boot\spring-boot-starter-web\3.4.3\spring-boot-starter-web-3.4.3.jar;C:\Users\omgaw\.m2\repository\org\springframework\boot\spring-boot-starter-json\3.4.3\spring-boot-starter-json-3.4.3.jar;C:\Users\omgaw\.m2\repository\com\fasterxml\jackson\datatype\jackson-datatype-jdk8\2.18.2\jackson-datatype-jdk8-2.18.2.jar;C:\Users\omgaw\.m2\repository\com\fasterxml\jackson\datatype\jackson-datatype-jsr310\2.18.2\jackson-datatype-jsr310-2.18.2.jar;C:\Users\omgaw\.m2\repository\com\fasterxml\jackson\module\jackson-module-parameter-names\2.18.2\jackson-module-parameter-names-2.18.2.jar;C:\Users\omgaw\.m2\repository\org\springframework\boot\spring-boot-starter-tomcat\3.4.3\spring-boot-starter-tomcat-3.4.3.jar;C:\Users\omgaw\.m2\repository\org\apache\tomcat\embed\tomcat-embed-core\10.1.36\tomcat-embed-core-10.1.36.jar;C:\Users\omgaw\.m2\repository\org\apache\tomcat\embed\tomcat-embed-el\10.1.36\tomcat-embed-el-10.1.36.jar;C:\Users\omgaw\.m2\repository\org\apache\tomcat\embed\tomcat-embed-websocket\10.1.36\tomcat-embed-websocket-10.1.36.jar;C:\Users\omgaw\.m2\repository\org\springframework\spring-web\6.2.3\spring-web-6.2.3.jar;C:\Users\omgaw\.m2\repository\io\micrometer\micrometer-observation\1.14.4\micrometer-observation-1.14.4.jar;C:\Users\omgaw\.m2\repository\io\micrometer\micrometer-commons\1.14.4\micrometer-commons-1.14.4.jar;C:\Users\omgaw\.m2\repository\org\springframework\spring-webmvc\6.2.3\spring-webmvc-6.2.3.jar;C:\Users\omgaw\.m2\repository\org\springframework\spring-expression\6.2.3\spring-expression-6.2.3.jar;C:\Users\omgaw\.m2\repository\com\mysql\mysql-connector-j\9.1.0\mysql-connector-j-9.1.0.jar;C:\Users\omgaw\.m2\repository\jakarta\xml\bind\jakarta.xml.bind-api\4.0.2\jakarta.xml.bind-api-4.0.2.jar;C:\Users\omgaw\.m2\repository\org\springframework\spring-core\6.2.3\spring-core-6.2.3.jar;C:\Users\omgaw\.m2\repository\org\springframework\spring-jcl\6.2.3\spring-jcl-6.2.3.jar;C:\Users\omgaw\.m2\repository\org\springframework\boot\spring-boot-starter-security\3.4.3\spring-boot-starter-security-3.4.3.jar;C:\Users\omgaw\.m2\repository\org\springframework\spring-aop\6.2.3\spring-aop-6.2.3.jar;C:\Users\omgaw\.m2\repository\org\springframework\security\spring-security-config\6.4.3\spring-security-config-6.4.3.jar;C:\Users\omgaw\.m2\repository\org\springframework\security\spring-security-core\6.4.3\spring-security-core-6.4.3.jar;C:\Users\omgaw\.m2\repository\org\springframework\security\spring-security-web\6.4.3\spring-security-web-6.4.3.jar;C:\Users\omgaw\.m2\repository\org\springframework\security\spring-security-crypto\6.4.3\spring-security-crypto-6.4.3.jar
Launcher Type: SUN_STANDARD

[Global flags]
     intx CICompilerCount                          = 4                                         {product} {ergonomic}
     uint ConcGCThreads                            = 3                                         {product} {ergonomic}
     uint G1ConcRefinementThreads                  = 10                                        {product} {ergonomic}
   size_t G1HeapRegionSize                         = 2097152                                   {product} {ergonomic}
    uintx GCDrainStackTargetSize                   = 64                                        {product} {ergonomic}
   size_t InitialHeapSize                          = 268435456                                 {product} {ergonomic}
     bool ManagementServer                         = true                                      {product} {command line}
   size_t MarkStackSize                            = 4194304                                   {product} {ergonomic}
   size_t MaxHeapSize                              = 4280287232                                {product} {ergonomic}
   size_t MaxNewSize                               = 2566914048                                {product} {ergonomic}
   size_t MinHeapDeltaBytes                        = 2097152                                   {product} {ergonomic}
   size_t MinHeapSize                              = 8388608                                   {product} {ergonomic}
    uintx NonNMethodCodeHeapSize                   = 4096                                   {pd product} {ergonomic}
    uintx NonProfiledCodeHeapSize                  = 0                                      {pd product} {ergonomic}
     bool ProfileInterpreter                       = false                                  {pd product} {command line}
    uintx ProfiledCodeHeapSize                     = 0                                      {pd product} {ergonomic}
     bool ShowCodeDetailsInExceptionMessages       = true                                   {manageable} {command line}
   size_t SoftMaxHeapSize                          = 4280287232                             {manageable} {ergonomic}
     intx TieredStopAtLevel                        = 1                                         {product} {command line}
     bool UseCompressedOops                        = true                           {product lp64_product} {ergonomic}
     bool UseG1GC                                  = true                                      {product} {ergonomic}
     bool UseLargePagesIndividualAllocation        = false                                  {pd product} {ergonomic}

Logging:
Log output configuration:
 #0: stdout all=warning uptime,level,tags foldmultilines=false
 #1: stderr all=off uptime,level,tags foldmultilines=false

Environment Variables:
PATH=E:/sts-4.28.1.RELEASE//plugins/org.eclipse.justj.openjdk.hotspot.jre.full.win32.x86_64_21.0.6.v20250130-0529/jre/bin/server;E:/sts-4.28.1.RELEASE//plugins/org.eclipse.justj.openjdk.hotspot.jre.full.win32.x86_64_21.0.6.v20250130-0529/jre/bin;C:\Program Files\Common Files\Oracle\Java\javapath;C:\WINDOWS\system32;C:\WINDOWS;C:\WINDOWS\System32\Wbem;C:\WINDOWS\System32\WindowsPowerShell\v1.0\;C:\WINDOWS\System32\OpenSSH\;C:\Program Files\nodejs\;C:\Program Files\Microsoft SQL Server\150\Tools\Binn\;C:\Program Files\Microsoft SQL Server\Client SDK\ODBC\170\Tools\Binn\;C:\Program Files\dotnet\;C:\Program Files\Git\cmd;C:\Program Files\apache-maven-3.9.9\bin;C:\apache-tomcat-9.0.102;C:\Users\omgaw\AppData\Local\Microsoft\WindowsApps;C:\Users\omgaw\AppData\Local\Programs\Microsoft VS Code\bin;C:\Users\omgaw\AppData\Roaming\npm;C:\Program Files\JetBrains\IntelliJ IDEA Community Edition 2024.3.1.1\bin;;C:\Users\omgaw\.dotnet\tools;C:\Program Files\apache-maven-3.9.9\bin;;E:\sts-4.28.1.RELEASE;
USERNAME=omgaw
OS=Windows_NT
PROCESSOR_IDENTIFIER=Intel64 Family 6 Model 165 Stepping 3, GenuineIntel
TMP=C:\Users\omgaw\AppData\Local\Temp
TEMP=C:\Users\omgaw\AppData\Local\Temp




Periodic native trim disabled

---------------  S Y S T E M  ---------------

OS:
 Windows 11 , 64 bit Build 26100 (10.0.26100.3323)
OS uptime: 1 days 23:35 hours

CPU: total 12 (initial active 12) (6 cores per cpu, 2 threads per core) family 6 model 165 stepping 3 microcode 0xe0, cx8, cmov, fxsr, ht, mmx, 3dnowpref, sse, sse2, sse3, ssse3, sse4.1, sse4.2, popcnt, lzcnt, tsc, tscinvbit, avx, avx2, aes, erms, clmul, bmi1, bmi2, adx, fma, vzeroupper, clflush, clflushopt, rdtscp, f16c
Processor Information for the first 12 processors :
  Max Mhz: 2901, Current Mhz: 2901, Mhz Limit: 2901

Memory: 4k page, system-wide physical 16322M (1256M free)
TotalPageFile size 23698M (AvailPageFile size 18M)
current process WorkingSet (physical memory assigned to process): 283M, peak: 284M
current process commit charge ("private bytes"): 320M, peak: 412M

vm_info: OpenJDK 64-Bit Server VM (21.0.6+7-LTS) for windows-amd64 JRE (21.0.6+7-LTS), built on 2025-01-21T00:00:00Z by "admin" with MS VC++ 17.7 (VS2022)

END.
